<?xml version="1.0" encoding="utf-8"?><testsuite errors="0" failures="0" name="pytest" skips="0" tests="2" time="0.027"><testcase classname="test_calc.TestCalc" file="test_calc.py" line="9" name="test_divide_contain_zero" time="0.0006628036499023438"></testcase><testcase classname="test_calc.TestCalc" file="test_calc.py" line="6" name="test_divide_normal" time="0.0004684925079345703"></testcase></testsuite>